<?xml version="1.0" encoding="UTF-8"?>
<testng-results skipped="0" failed="0" ignored="0" total="1" passed="1">
  <reporter-output>
  </reporter-output>
  <suite name="Surefire suite" duration-ms="27286" started-at="2018-11-10T19:24:29Z" finished-at="2018-11-10T19:24:56Z">
    <groups>
      <group name="cucumber">
        <method signature="AbstractTestNGCucumberTests.feature(cucumber.api.testng.CucumberFeatureWrapper)[pri:0, instance:TestRunner.Testrunner@617c74e5]" name="feature" class="cucumber.api.testng.AbstractTestNGCucumberTests"/>
      </group> <!-- cucumber -->
    </groups>
    <test name="Surefire test" duration-ms="27286" started-at="2018-11-10T19:24:29Z" finished-at="2018-11-10T19:24:56Z">
      <class name="TestRunner.Testrunner">
        <test-method status="PASS" signature="setUpClass()[pri:0, instance:TestRunner.Testrunner@617c74e5]" name="setUpClass" is-config="true" duration-ms="499" started-at="2018-11-10T19:24:29Z" finished-at="2018-11-10T19:24:30Z">
          <reporter-output>
          </reporter-output>
        </test-method> <!-- setUpClass -->
        <test-method status="PASS" signature="feature(cucumber.api.testng.CucumberFeatureWrapper)[pri:0, instance:TestRunner.Testrunner@617c74e5]" name="feature" duration-ms="26299" started-at="2018-11-10T19:24:30Z" description="Runs Cucumber Feature" data-provider="features" finished-at="2018-11-10T19:24:56Z">
          <params>
            <param index="0">
              <value>
                <![CDATA[]]>
              </value>
            </param>
          </params>
          <reporter-output>
          </reporter-output>
        </test-method> <!-- feature -->
        <test-method status="PASS" signature="tearDownClass()[pri:0, instance:TestRunner.Testrunner@617c74e5]" name="tearDownClass" is-config="true" duration-ms="295" started-at="2018-11-10T19:24:56Z" finished-at="2018-11-10T19:24:56Z">
          <reporter-output>
          </reporter-output>
        </test-method> <!-- tearDownClass -->
      </class> <!-- TestRunner.Testrunner -->
    </test> <!-- Surefire test -->
  </suite> <!-- Surefire suite -->
</testng-results>
